03-10 07:02:11 com_github_MitjaNemec_PlaceFootprints.action_place_footprints 647:Plugin executed on: 'linux'
03-10 07:02:11 com_github_MitjaNemec_PlaceFootprints.action_place_footprints 648:Plugin executed with python version: '3.8.10 (default, Nov 22 2023, 10:22:35) \n[GCC 9.4.0]'
03-10 07:02:11 com_github_MitjaNemec_PlaceFootprints.action_place_footprints 649:KiCad build version: 7.0.10-7.0.10~ubuntu20.04.1
03-10 07:02:11 com_github_MitjaNemec_PlaceFootprints.action_place_footprints 650:Plugin version: 2.1.3
03-10 07:02:11 com_github_MitjaNemec_PlaceFootprints.action_place_footprints 651:Frame repr: <wx._core.Frame object at 0x7f70cb8be940>
03-10 07:02:11 com_github_MitjaNemec_PlaceFootprints.place_footprints 121:getting a list of all footprints on board
03-10 07:02:11 com_github_MitjaNemec_PlaceFootprints.place_footprints 156:Footprint D5 on root level
03-10 07:02:11 com_github_MitjaNemec_PlaceFootprints.place_footprints 156:Footprint R3 on root level
03-10 07:02:11 com_github_MitjaNemec_PlaceFootprints.place_footprints 156:Footprint D16 on root level
03-10 07:02:11 com_github_MitjaNemec_PlaceFootprints.place_footprints 156:Footprint D8 on root level
03-10 07:02:11 com_github_MitjaNemec_PlaceFootprints.place_footprints 156:Footprint D11 on root level
03-10 07:02:11 com_github_MitjaNemec_PlaceFootprints.place_footprints 156:Footprint SW1 on root level
03-10 07:02:11 com_github_MitjaNemec_PlaceFootprints.place_footprints 156:Footprint D7 on root level
03-10 07:02:11 com_github_MitjaNemec_PlaceFootprints.place_footprints 156:Footprint D15 on root level
03-10 07:02:11 com_github_MitjaNemec_PlaceFootprints.place_footprints 156:Footprint D10 on root level
03-10 07:02:11 com_github_MitjaNemec_PlaceFootprints.place_footprints 156:Footprint D4 on root level
03-10 07:02:11 com_github_MitjaNemec_PlaceFootprints.place_footprints 156:Footprint D12 on root level
03-10 07:02:11 com_github_MitjaNemec_PlaceFootprints.place_footprints 156:Footprint D9 on root level
03-10 07:02:11 com_github_MitjaNemec_PlaceFootprints.place_footprints 156:Footprint R1 on root level
03-10 07:02:11 com_github_MitjaNemec_PlaceFootprints.place_footprints 156:Footprint D6 on root level
03-10 07:02:11 com_github_MitjaNemec_PlaceFootprints.place_footprints 156:Footprint D2 on root level
03-10 07:02:11 com_github_MitjaNemec_PlaceFootprints.place_footprints 156:Footprint U1 on root level
03-10 07:02:11 com_github_MitjaNemec_PlaceFootprints.place_footprints 156:Footprint D14 on root level
03-10 07:02:11 com_github_MitjaNemec_PlaceFootprints.place_footprints 156:Footprint C1 on root level
03-10 07:02:11 com_github_MitjaNemec_PlaceFootprints.place_footprints 156:Footprint D3 on root level
03-10 07:02:11 com_github_MitjaNemec_PlaceFootprints.place_footprints 156:Footprint J1 on root level
03-10 07:02:11 com_github_MitjaNemec_PlaceFootprints.place_footprints 156:Footprint R4 on root level
03-10 07:02:11 com_github_MitjaNemec_PlaceFootprints.place_footprints 156:Footprint D1 on root level
03-10 07:02:11 com_github_MitjaNemec_PlaceFootprints.place_footprints 156:Footprint D13 on root level
03-10 07:02:11 com_github_MitjaNemec_PlaceFootprints.place_footprints 156:Footprint R2 on root level
03-10 07:02:11 com_github_MitjaNemec_PlaceFootprints.place_footprints 156:Footprint BT1 on root level
03-10 07:02:13 com_github_MitjaNemec_PlaceFootprints.action_place_footprints 830:Reference designator is: R
03-10 07:02:13 com_github_MitjaNemec_PlaceFootprints.action_place_footprints 831:Reference number is: 1
03-10 07:02:13 com_github_MitjaNemec_PlaceFootprints.action_place_footprints 863:Sorted and filtered list:
['R1', 'R2', 'R3', 'R4']
03-10 07:02:13 com_github_MitjaNemec_PlaceFootprints.action_place_footprints 359:wx.Colour(246, 245, 244, 255)
03-10 07:02:20 com_github_MitjaNemec_PlaceFootprints.action_place_footprints 490:'18'
03-10 07:02:20 com_github_MitjaNemec_PlaceFootprints.action_place_footprints 542:Preparing config for reference circular
03-10 07:02:20 com_github_MitjaNemec_PlaceFootprints.action_place_footprints 556:Saving config file
03-10 07:02:20 com_github_MitjaNemec_PlaceFootprints.action_place_footprints 558:Saved the config file
03-10 07:02:20 com_github_MitjaNemec_PlaceFootprints.action_place_footprints 901:Footprints to place:
['R1', 'R2', 'R3', 'R4']
03-10 07:02:20 com_github_MitjaNemec_PlaceFootprints.place_footprints 330:Starting placing with circular layout
03-10 07:02:20 com_github_MitjaNemec_PlaceFootprints.place_footprints 340:reference footprint position at: VECTOR2I(109982000, 85090000)
03-10 07:02:20 com_github_MitjaNemec_PlaceFootprints.place_footprints 345:rotation center at: (109982000, 103090000.0)
03-10 07:02:20 com_github_MitjaNemec_PlaceFootprints.place_footprints 450:Text of: R1 has property "Keep upright" rotation might not look as intended
03-10 07:02:20 com_github_MitjaNemec_PlaceFootprints.place_footprints 450:Text of: R1 has property "Keep upright" rotation might not look as intended
03-10 07:02:20 com_github_MitjaNemec_PlaceFootprints.place_footprints 450:Text of: R1 has property "Keep upright" rotation might not look as intended
03-10 07:02:20 com_github_MitjaNemec_PlaceFootprints.place_footprints 450:Text of: R1 has property "Keep upright" rotation might not look as intended
03-10 07:02:20 com_github_MitjaNemec_PlaceFootprints.place_footprints 450:Text of: R1 has property "Keep upright" rotation might not look as intended
03-10 07:02:20 com_github_MitjaNemec_PlaceFootprints.place_footprints 450:Text of: R1 has property "Keep upright" rotation might not look as intended
03-10 07:02:20 com_github_MitjaNemec_PlaceFootprints.place_footprints 450:Text of: R1 has property "Keep upright" rotation might not look as intended
03-10 07:02:20 com_github_MitjaNemec_PlaceFootprints.place_footprints 450:Text of: R1 has property "Keep upright" rotation might not look as intended
03-10 07:02:20 com_github_MitjaNemec_PlaceFootprints.place_footprints 450:Text of: R1 has property "Keep upright" rotation might not look as intended
03-10 07:02:20 com_github_MitjaNemec_PlaceFootprints.action_place_footprints 916:Placing complete
