03-24 14:42:56 com_github_MitjaNemec_PlaceFootprints.action_place_footprints 647:Plugin executed on: 'linux'
03-24 14:42:56 com_github_MitjaNemec_PlaceFootprints.action_place_footprints 648:Plugin executed with python version: '3.8.10 (default, Nov 22 2023, 10:22:35) \n[GCC 9.4.0]'
03-24 14:42:56 com_github_MitjaNemec_PlaceFootprints.action_place_footprints 649:KiCad build version: 7.0.10-7.0.10~ubuntu20.04.1
03-24 14:42:56 com_github_MitjaNemec_PlaceFootprints.action_place_footprints 650:Plugin version: 2.1.3
03-24 14:42:56 com_github_MitjaNemec_PlaceFootprints.action_place_footprints 651:Frame repr: <wx._core.Frame object at 0x7ff864a13e50>
03-24 14:42:56 com_github_MitjaNemec_PlaceFootprints.place_footprints 121:getting a list of all footprints on board
03-24 14:42:56 com_github_MitjaNemec_PlaceFootprints.place_footprints 156:Footprint D33 on root level
03-24 14:42:56 com_github_MitjaNemec_PlaceFootprints.place_footprints 156:Footprint R3 on root level
03-24 14:42:56 com_github_MitjaNemec_PlaceFootprints.place_footprints 156:Footprint D1 on root level
03-24 14:42:56 com_github_MitjaNemec_PlaceFootprints.place_footprints 156:Footprint D24 on root level
03-24 14:42:56 com_github_MitjaNemec_PlaceFootprints.place_footprints 156:Footprint D32 on root level
03-24 14:42:56 com_github_MitjaNemec_PlaceFootprints.place_footprints 156:Footprint D30 on root level
03-24 14:42:56 com_github_MitjaNemec_PlaceFootprints.place_footprints 156:Footprint D13 on root level
03-24 14:42:56 com_github_MitjaNemec_PlaceFootprints.place_footprints 156:Footprint D11 on root level
03-24 14:42:56 com_github_MitjaNemec_PlaceFootprints.place_footprints 156:Footprint D9 on root level
03-24 14:42:56 com_github_MitjaNemec_PlaceFootprints.place_footprints 156:Footprint U4 on root level
03-24 14:42:56 com_github_MitjaNemec_PlaceFootprints.place_footprints 156:Footprint D31 on root level
03-24 14:42:56 com_github_MitjaNemec_PlaceFootprints.place_footprints 156:Footprint D25 on root level
03-24 14:42:56 com_github_MitjaNemec_PlaceFootprints.place_footprints 156:Footprint R1 on root level
03-24 14:42:56 com_github_MitjaNemec_PlaceFootprints.place_footprints 156:Footprint D29 on root level
03-24 14:42:56 com_github_MitjaNemec_PlaceFootprints.place_footprints 156:Footprint D17 on root level
03-24 14:42:56 com_github_MitjaNemec_PlaceFootprints.place_footprints 156:Footprint C1 on root level
03-24 14:42:56 com_github_MitjaNemec_PlaceFootprints.place_footprints 156:Footprint D4 on root level
03-24 14:42:56 com_github_MitjaNemec_PlaceFootprints.place_footprints 156:Footprint U6 on root level
03-24 14:42:56 com_github_MitjaNemec_PlaceFootprints.place_footprints 156:Footprint D3 on root level
03-24 14:42:56 com_github_MitjaNemec_PlaceFootprints.place_footprints 156:Footprint D16 on root level
03-24 14:42:56 com_github_MitjaNemec_PlaceFootprints.place_footprints 156:Footprint D5 on root level
03-24 14:42:56 com_github_MitjaNemec_PlaceFootprints.place_footprints 156:Footprint C3 on root level
03-24 14:42:56 com_github_MitjaNemec_PlaceFootprints.place_footprints 156:Footprint D18 on root level
03-24 14:42:56 com_github_MitjaNemec_PlaceFootprints.place_footprints 156:Footprint D27 on root level
03-24 14:42:56 com_github_MitjaNemec_PlaceFootprints.place_footprints 156:Footprint D28 on root level
03-24 14:42:56 com_github_MitjaNemec_PlaceFootprints.place_footprints 156:Footprint D23 on root level
03-24 14:42:56 com_github_MitjaNemec_PlaceFootprints.place_footprints 156:Footprint D12 on root level
03-24 14:42:56 com_github_MitjaNemec_PlaceFootprints.place_footprints 156:Footprint D26 on root level
03-24 14:42:56 com_github_MitjaNemec_PlaceFootprints.place_footprints 156:Footprint R2 on root level
03-24 14:42:56 com_github_MitjaNemec_PlaceFootprints.place_footprints 156:Footprint D2 on root level
03-24 14:42:56 com_github_MitjaNemec_PlaceFootprints.place_footprints 156:Footprint C4 on root level
03-24 14:42:56 com_github_MitjaNemec_PlaceFootprints.place_footprints 156:Footprint D14 on root level
03-24 14:42:56 com_github_MitjaNemec_PlaceFootprints.place_footprints 156:Footprint J1 on root level
03-24 14:42:56 com_github_MitjaNemec_PlaceFootprints.place_footprints 156:Footprint R4 on root level
03-24 14:42:56 com_github_MitjaNemec_PlaceFootprints.place_footprints 156:Footprint D20 on root level
03-24 14:42:56 com_github_MitjaNemec_PlaceFootprints.place_footprints 156:Footprint D19 on root level
03-24 14:42:56 com_github_MitjaNemec_PlaceFootprints.place_footprints 156:Footprint D21 on root level
03-24 14:42:56 com_github_MitjaNemec_PlaceFootprints.place_footprints 156:Footprint C2 on root level
03-24 14:42:56 com_github_MitjaNemec_PlaceFootprints.place_footprints 156:Footprint D6 on root level
03-24 14:42:56 com_github_MitjaNemec_PlaceFootprints.place_footprints 156:Footprint D7 on root level
03-24 14:42:56 com_github_MitjaNemec_PlaceFootprints.place_footprints 156:Footprint D22 on root level
03-24 14:42:56 com_github_MitjaNemec_PlaceFootprints.place_footprints 156:Footprint R5 on root level
03-24 14:42:56 com_github_MitjaNemec_PlaceFootprints.place_footprints 156:Footprint SW2 on root level
03-24 14:42:56 com_github_MitjaNemec_PlaceFootprints.place_footprints 156:Footprint D8 on root level
03-24 14:42:56 com_github_MitjaNemec_PlaceFootprints.place_footprints 156:Footprint D15 on root level
03-24 14:42:56 com_github_MitjaNemec_PlaceFootprints.place_footprints 156:Footprint D10 on root level
03-24 14:42:56 com_github_MitjaNemec_PlaceFootprints.place_footprints 156:Footprint U2 on root level
03-24 14:42:56 com_github_MitjaNemec_PlaceFootprints.place_footprints 156:Footprint BT1 on root level
03-24 14:42:57 com_github_MitjaNemec_PlaceFootprints.action_place_footprints 830:Reference designator is: D
03-24 14:42:57 com_github_MitjaNemec_PlaceFootprints.action_place_footprints 831:Reference number is: 25
03-24 14:42:57 com_github_MitjaNemec_PlaceFootprints.action_place_footprints 863:Sorted and filtered list:
['D1', 'D2', 'D3', 'D4', 'D5', 'D6', 'D7', 'D8', 'D9', 'D10', 'D11', 'D12', 'D13', 'D14', 'D15', 'D16', 'D17', 'D18', 'D19', 'D20', 'D21', 'D22', 'D23', 'D24', 'D25', 'D26', 'D27', 'D28', 'D29', 'D30', 'D31', 'D32', 'D33']
03-24 14:42:57 com_github_MitjaNemec_PlaceFootprints.action_place_footprints 359:wx.Colour(246, 245, 244, 255)
03-24 14:43:12 com_github_MitjaNemec_PlaceFootprints.action_place_footprints 490:'0'
03-24 14:43:12 com_github_MitjaNemec_PlaceFootprints.action_place_footprints 536:Preparing config for reference linear
03-24 14:43:12 com_github_MitjaNemec_PlaceFootprints.action_place_footprints 556:Saving config file
03-24 14:43:12 com_github_MitjaNemec_PlaceFootprints.action_place_footprints 558:Saved the config file
03-24 14:43:12 com_github_MitjaNemec_PlaceFootprints.action_place_footprints 901:Footprints to place:
['D25', 'D26', 'D27', 'D28', 'D29', 'D30', 'D31', 'D32', 'D33']
03-24 14:43:12 com_github_MitjaNemec_PlaceFootprints.place_footprints 367:Starting placing with linear layout
03-24 14:43:12 com_github_MitjaNemec_PlaceFootprints.action_place_footprints 942:Placing complete
